CRITICAL - 2024-06-27 12:07:31 --> CodeIgniter\View\Exceptions\ViewException: Invalid file: "club/header.php"
[Method: GET, Route: C/Bodmin/Login]
in SYSTEMPATH\Exceptions\FrameworkException.php on line 41.
 1 SYSTEMPATH\View\View.php(222): CodeIgniter\Exceptions\FrameworkException::forInvalidFile('club/header.php')
 2 SYSTEMPATH\Common.php(1171): CodeIgniter\View\View->render('club/header', [], true)
 3 APPPATH\Controllers\BaseController.php(79): view('club/header', [])
 4 APPPATH\Controllers\Club.php(51): App\Controllers\BaseController->render_page([...])
 5 SYSTEMPATH\CodeIgniter.php(933): App\Controllers\Club->login('Bodmin')
 6 SYSTEMPATH\CodeIgniter.php(509): CodeIgniter\CodeIgniter->runController(Object(App\Controllers\Club))
 7 SYSTEMPATH\CodeIgniter.php(355): CodeIgniter\CodeIgniter->handleRequest(null, Object(Config\Cache), false)
 8 SYSTEMPATH\Boot.php(312): CodeIgniter\CodeIgniter->run()
 9 SYSTEMPATH\Boot.php(67): CodeIgniter\Boot::runCodeIgniter(Object(CodeIgniter\CodeIgniter))
10 FCPATH\index.php(55): CodeIgniter\Boot::bootWeb(Object(Config\Paths))
CRITICAL - 2024-06-27 12:13:28 --> ParseError: syntax error, unexpected token "}"
[Method: GET, Route: C/Bodmin/Login]
in APPPATH\Controllers\Club.php on line 23.
 1 SYSTEMPATH\Autoloader\Autoloader.php(296): CodeIgniter\Autoloader\Autoloader->includeFile('C:\\xampp\\htdocs\\club-system\\app\\Controllers\\Club.php')
 2 SYSTEMPATH\Autoloader\Autoloader.php(272): CodeIgniter\Autoloader\Autoloader->loadInNamespace('App\\Controllers\\Club')
 3 [internal function]: CodeIgniter\Autoloader\Autoloader->loadClass('App\\Controllers\\Club')
 4 SYSTEMPATH\CodeIgniter.php(887): class_exists('\\App\\Controllers\\Club', true)
 5 SYSTEMPATH\CodeIgniter.php(496): CodeIgniter\CodeIgniter->startController()
 6 SYSTEMPATH\CodeIgniter.php(355): CodeIgniter\CodeIgniter->handleRequest(null, Object(Config\Cache), false)
 7 SYSTEMPATH\Boot.php(312): CodeIgniter\CodeIgniter->run()
 8 SYSTEMPATH\Boot.php(67): CodeIgniter\Boot::runCodeIgniter(Object(CodeIgniter\CodeIgniter))
 9 FCPATH\index.php(55): CodeIgniter\Boot::bootWeb(Object(Config\Paths))
CRITICAL - 2024-06-27 12:13:47 --> ParseError: Unclosed '{' on line 42 does not match ']'
[Method: GET, Route: C/Bodmin/Login]
in APPPATH\Controllers\Club.php on line 50.
 1 SYSTEMPATH\Autoloader\Autoloader.php(296): CodeIgniter\Autoloader\Autoloader->includeFile('C:\\xampp\\htdocs\\club-system\\app\\Controllers\\Club.php')
 2 SYSTEMPATH\Autoloader\Autoloader.php(272): CodeIgniter\Autoloader\Autoloader->loadInNamespace('App\\Controllers\\Club')
 3 [internal function]: CodeIgniter\Autoloader\Autoloader->loadClass('App\\Controllers\\Club')
 4 SYSTEMPATH\CodeIgniter.php(887): class_exists('\\App\\Controllers\\Club', true)
 5 SYSTEMPATH\CodeIgniter.php(496): CodeIgniter\CodeIgniter->startController()
 6 SYSTEMPATH\CodeIgniter.php(355): CodeIgniter\CodeIgniter->handleRequest(null, Object(Config\Cache), false)
 7 SYSTEMPATH\Boot.php(312): CodeIgniter\CodeIgniter->run()
 8 SYSTEMPATH\Boot.php(67): CodeIgniter\Boot::runCodeIgniter(Object(CodeIgniter\CodeIgniter))
 9 FCPATH\index.php(55): CodeIgniter\Boot::bootWeb(Object(Config\Paths))
CRITICAL - 2024-06-27 12:27:55 --> Error: Call to undefined function App\Controllers\retrieve_javascript()
[Method: GET, Route: C/Bodmin]
in APPPATH\Controllers\BaseController.php on line 66.
 1 APPPATH\Controllers\Club.php(35): App\Controllers\BaseController->render_page([...])
 2 SYSTEMPATH\CodeIgniter.php(933): App\Controllers\Club->index('Bodmin')
 3 SYSTEMPATH\CodeIgniter.php(509): CodeIgniter\CodeIgniter->runController(Object(App\Controllers\Club))
 4 SYSTEMPATH\CodeIgniter.php(355): CodeIgniter\CodeIgniter->handleRequest(null, Object(Config\Cache), false)
 5 SYSTEMPATH\Boot.php(312): CodeIgniter\CodeIgniter->run()
 6 SYSTEMPATH\Boot.php(67): CodeIgniter\Boot::runCodeIgniter(Object(CodeIgniter\CodeIgniter))
 7 FCPATH\index.php(55): CodeIgniter\Boot::bootWeb(Object(Config\Paths))
CRITICAL - 2024-06-27 12:28:09 --> ArgumentCountError: Too few arguments to function App\Controllers\BaseController::retrieve_javascript(), 0 passed in C:\xampp\htdocs\club-system\app\Controllers\BaseController.php on line 66 and exactly 1 expected
[Method: GET, Route: C/Bodmin]
in APPPATH\Controllers\BaseController.php on line 89.
 1 APPPATH\Controllers\BaseController.php(66): App\Controllers\BaseController->retrieve_javascript()
 2 APPPATH\Controllers\Club.php(35): App\Controllers\BaseController->render_page([...])
 3 SYSTEMPATH\CodeIgniter.php(933): App\Controllers\Club->index('Bodmin')
 4 SYSTEMPATH\CodeIgniter.php(509): CodeIgniter\CodeIgniter->runController(Object(App\Controllers\Club))
 5 SYSTEMPATH\CodeIgniter.php(355): CodeIgniter\CodeIgniter->handleRequest(null, Object(Config\Cache), false)
 6 SYSTEMPATH\Boot.php(312): CodeIgniter\CodeIgniter->run()
 7 SYSTEMPATH\Boot.php(67): CodeIgniter\Boot::runCodeIgniter(Object(CodeIgniter\CodeIgniter))
 8 FCPATH\index.php(55): CodeIgniter\Boot::bootWeb(Object(Config\Paths))
CRITICAL - 2024-06-27 12:38:05 --> ParseError: syntax error, unexpected single-quoted string "pageTitle", expecting "]"
[Method: GET, Route: C/Bodmin/Login]
in APPPATH\Controllers\BaseController.php on line 76.
 1 SYSTEMPATH\Autoloader\Autoloader.php(296): CodeIgniter\Autoloader\Autoloader->includeFile('C:\\xampp\\htdocs\\club-system\\app\\Controllers\\BaseController.php')
 2 SYSTEMPATH\Autoloader\Autoloader.php(272): CodeIgniter\Autoloader\Autoloader->loadInNamespace('App\\Controllers\\BaseController')
 3 APPPATH\Controllers\Club.php(6): CodeIgniter\Autoloader\Autoloader->loadClass('App\\Controllers\\BaseController')
 4 SYSTEMPATH\Autoloader\Autoloader.php(317): include_once('C:\\xampp\\htdocs\\club-system\\app\\Controllers\\Club.php')
 5 SYSTEMPATH\Autoloader\Autoloader.php(296): CodeIgniter\Autoloader\Autoloader->includeFile('C:\\xampp\\htdocs\\club-system\\app\\Controllers\\Club.php')
 6 SYSTEMPATH\Autoloader\Autoloader.php(272): CodeIgniter\Autoloader\Autoloader->loadInNamespace('App\\Controllers\\Club')
 7 [internal function]: CodeIgniter\Autoloader\Autoloader->loadClass('App\\Controllers\\Club')
 8 SYSTEMPATH\CodeIgniter.php(887): class_exists('\\App\\Controllers\\Club', true)
 9 SYSTEMPATH\CodeIgniter.php(496): CodeIgniter\CodeIgniter->startController()
10 SYSTEMPATH\CodeIgniter.php(355): CodeIgniter\CodeIgniter->handleRequest(null, Object(Config\Cache), false)
11 SYSTEMPATH\Boot.php(312): CodeIgniter\CodeIgniter->run()
12 SYSTEMPATH\Boot.php(67): CodeIgniter\Boot::runCodeIgniter(Object(CodeIgniter\CodeIgniter))
13 FCPATH\index.php(55): CodeIgniter\Boot::bootWeb(Object(Config\Paths))
CRITICAL - 2024-06-27 12:38:32 --> ParseError: syntax error, unexpected single-quoted string "pageTitle", expecting "]"
[Method: GET, Route: C/Bodmin/Login]
in APPPATH\Controllers\BaseController.php on line 76.
 1 SYSTEMPATH\Autoloader\Autoloader.php(296): CodeIgniter\Autoloader\Autoloader->includeFile('C:\\xampp\\htdocs\\club-system\\app\\Controllers\\BaseController.php')
 2 SYSTEMPATH\Autoloader\Autoloader.php(272): CodeIgniter\Autoloader\Autoloader->loadInNamespace('App\\Controllers\\BaseController')
 3 APPPATH\Controllers\Club.php(6): CodeIgniter\Autoloader\Autoloader->loadClass('App\\Controllers\\BaseController')
 4 SYSTEMPATH\Autoloader\Autoloader.php(317): include_once('C:\\xampp\\htdocs\\club-system\\app\\Controllers\\Club.php')
 5 SYSTEMPATH\Autoloader\Autoloader.php(296): CodeIgniter\Autoloader\Autoloader->includeFile('C:\\xampp\\htdocs\\club-system\\app\\Controllers\\Club.php')
 6 SYSTEMPATH\Autoloader\Autoloader.php(272): CodeIgniter\Autoloader\Autoloader->loadInNamespace('App\\Controllers\\Club')
 7 [internal function]: CodeIgniter\Autoloader\Autoloader->loadClass('App\\Controllers\\Club')
 8 SYSTEMPATH\CodeIgniter.php(887): class_exists('\\App\\Controllers\\Club', true)
 9 SYSTEMPATH\CodeIgniter.php(496): CodeIgniter\CodeIgniter->startController()
10 SYSTEMPATH\CodeIgniter.php(355): CodeIgniter\CodeIgniter->handleRequest(null, Object(Config\Cache), false)
11 SYSTEMPATH\Boot.php(312): CodeIgniter\CodeIgniter->run()
12 SYSTEMPATH\Boot.php(67): CodeIgniter\Boot::runCodeIgniter(Object(CodeIgniter\CodeIgniter))
13 FCPATH\index.php(55): CodeIgniter\Boot::bootWeb(Object(Config\Paths))
CRITICAL - 2024-06-27 12:38:53 --> ParseError: syntax error, unexpected single-quoted string "pageTitle", expecting "]"
[Method: GET, Route: C/Bodmin/Login]
in APPPATH\Controllers\BaseController.php on line 79.
 1 SYSTEMPATH\Autoloader\Autoloader.php(296): CodeIgniter\Autoloader\Autoloader->includeFile('C:\\xampp\\htdocs\\club-system\\app\\Controllers\\BaseController.php')
 2 SYSTEMPATH\Autoloader\Autoloader.php(272): CodeIgniter\Autoloader\Autoloader->loadInNamespace('App\\Controllers\\BaseController')
 3 APPPATH\Controllers\Club.php(6): CodeIgniter\Autoloader\Autoloader->loadClass('App\\Controllers\\BaseController')
 4 SYSTEMPATH\Autoloader\Autoloader.php(317): include_once('C:\\xampp\\htdocs\\club-system\\app\\Controllers\\Club.php')
 5 SYSTEMPATH\Autoloader\Autoloader.php(296): CodeIgniter\Autoloader\Autoloader->includeFile('C:\\xampp\\htdocs\\club-system\\app\\Controllers\\Club.php')
 6 SYSTEMPATH\Autoloader\Autoloader.php(272): CodeIgniter\Autoloader\Autoloader->loadInNamespace('App\\Controllers\\Club')
 7 [internal function]: CodeIgniter\Autoloader\Autoloader->loadClass('App\\Controllers\\Club')
 8 SYSTEMPATH\CodeIgniter.php(887): class_exists('\\App\\Controllers\\Club', true)
 9 SYSTEMPATH\CodeIgniter.php(496): CodeIgniter\CodeIgniter->startController()
10 SYSTEMPATH\CodeIgniter.php(355): CodeIgniter\CodeIgniter->handleRequest(null, Object(Config\Cache), false)
11 SYSTEMPATH\Boot.php(312): CodeIgniter\CodeIgniter->run()
12 SYSTEMPATH\Boot.php(67): CodeIgniter\Boot::runCodeIgniter(Object(CodeIgniter\CodeIgniter))
13 FCPATH\index.php(55): CodeIgniter\Boot::bootWeb(Object(Config\Paths))
CRITICAL - 2024-06-27 12:38:59 --> ParseError: syntax error, unexpected variable "$pageTitle"
[Method: GET, Route: C/Bodmin/Login]
in APPPATH\Views\club\header.php on line 4.
 1 SYSTEMPATH\View\View.php(237): CodeIgniter\View\View->CodeIgniter\View\{closure}()
 2 SYSTEMPATH\Common.php(1171): CodeIgniter\View\View->render('club/header', [], true)
 3 APPPATH\Controllers\BaseController.php(92): view('club/header', [...])
 4 APPPATH\Controllers\Club.php(48): App\Controllers\BaseController->render_page([...])
 5 SYSTEMPATH\CodeIgniter.php(933): App\Controllers\Club->login('Bodmin')
 6 SYSTEMPATH\CodeIgniter.php(509): CodeIgniter\CodeIgniter->runController(Object(App\Controllers\Club))
 7 SYSTEMPATH\CodeIgniter.php(355): CodeIgniter\CodeIgniter->handleRequest(null, Object(Config\Cache), false)
 8 SYSTEMPATH\Boot.php(312): CodeIgniter\CodeIgniter->run()
 9 SYSTEMPATH\Boot.php(67): CodeIgniter\Boot::runCodeIgniter(Object(CodeIgniter\CodeIgniter))
10 FCPATH\index.php(55): CodeIgniter\Boot::bootWeb(Object(Config\Paths))
ERROR - 2024-06-27 12:47:51 --> Error connecting to the database: mysqli_sql_exception: Access denied for user 'admin'@'localhost' (using password: YES) in C:\xampp\htdocs\club-system\system\Database\MySQLi\Connection.php:186
Stack trace:
#0 C:\xampp\htdocs\club-system\system\Database\MySQLi\Connection.php(186): mysqli->real_connect('localhost', 'admin', Object(SensitiveParameterValue), 'test', 3306, '', 0)
#1 C:\xampp\htdocs\club-system\system\Database\BaseConnection.php(421): CodeIgniter\Database\MySQLi\Connection->connect(false)
#2 C:\xampp\htdocs\club-system\system\Database\Database.php(68): CodeIgniter\Database\BaseConnection->initialize()
#3 C:\xampp\htdocs\club-system\system\Database\Config.php(111): CodeIgniter\Database\Database->loadForge(Object(CodeIgniter\Database\MySQLi\Connection))
#4 C:\xampp\htdocs\club-system\app\Controllers\BaseController.php(53): CodeIgniter\Database\Config::forge()
#5 C:\xampp\htdocs\club-system\system\CodeIgniter.php(904): App\Controllers\BaseController->initController(Object(CodeIgniter\HTTP\IncomingRequest), Object(CodeIgniter\HTTP\Response), Object(CodeIgniter\Log\Logger))
#6 C:\xampp\htdocs\club-system\system\CodeIgniter.php(500): CodeIgniter\CodeIgniter->createController()
#7 C:\xampp\htdocs\club-system\system\CodeIgniter.php(355): CodeIgniter\CodeIgniter->handleRequest(NULL, Object(Config\Cache), false)
#8 C:\xampp\htdocs\club-system\system\Boot.php(312): CodeIgniter\CodeIgniter->run()
#9 C:\xampp\htdocs\club-system\system\Boot.php(67): CodeIgniter\Boot::runCodeIgniter(Object(CodeIgniter\CodeIgniter))
#10 C:\xampp\htdocs\club-system\public\index.php(55): CodeIgniter\Boot::bootWeb(Object(Config\Paths))
#11 {main}

Next CodeIgniter\Database\Exceptions\DatabaseException: Access denied for user '****'@'localhost' (using password: YES) in C:\xampp\htdocs\club-system\system\Database\MySQLi\Connection.php:231
Stack trace:
#0 C:\xampp\htdocs\club-system\system\Database\BaseConnection.php(421): CodeIgniter\Database\MySQLi\Connection->connect(false)
#1 C:\xampp\htdocs\club-system\system\Database\Database.php(68): CodeIgniter\Database\BaseConnection->initialize()
#2 C:\xampp\htdocs\club-system\system\Database\Config.php(111): CodeIgniter\Database\Database->loadForge(Object(CodeIgniter\Database\MySQLi\Connection))
#3 C:\xampp\htdocs\club-system\app\Controllers\BaseController.php(53): CodeIgniter\Database\Config::forge()
#4 C:\xampp\htdocs\club-system\system\CodeIgniter.php(904): App\Controllers\BaseController->initController(Object(CodeIgniter\HTTP\IncomingRequest), Object(CodeIgniter\HTTP\Response), Object(CodeIgniter\Log\Logger))
#5 C:\xampp\htdocs\club-system\system\CodeIgniter.php(500): CodeIgniter\CodeIgniter->createController()
#6 C:\xampp\htdocs\club-system\system\CodeIgniter.php(355): CodeIgniter\CodeIgniter->handleRequest(NULL, Object(Config\Cache), false)
#7 C:\xampp\htdocs\club-system\system\Boot.php(312): CodeIgniter\CodeIgniter->run()
#8 C:\xampp\htdocs\club-system\system\Boot.php(67): CodeIgniter\Boot::runCodeIgniter(Object(CodeIgniter\CodeIgniter))
#9 C:\xampp\htdocs\club-system\public\index.php(55): CodeIgniter\Boot::bootWeb(Object(Config\Paths))
#10 {main}
CRITICAL - 2024-06-27 12:47:51 --> CodeIgniter\Database\Exceptions\DatabaseException: Unable to connect to the database.
Main connection [MySQLi]: Access denied for user '****'@'localhost' (using password: YES)
[Method: GET, Route: CA/Bodmin/Login]
in SYSTEMPATH\Database\BaseConnection.php on line 457.
 1 SYSTEMPATH\Database\Database.php(68): CodeIgniter\Database\BaseConnection->initialize()
 2 SYSTEMPATH\Database\Config.php(111): CodeIgniter\Database\Database->loadForge(Object(CodeIgniter\Database\MySQLi\Connection))
 3 APPPATH\Controllers\BaseController.php(53): CodeIgniter\Database\Config::forge()
 4 SYSTEMPATH\CodeIgniter.php(904): App\Controllers\BaseController->initController(Object(CodeIgniter\HTTP\IncomingRequest), Object(CodeIgniter\HTTP\Response), Object(CodeIgniter\Log\Logger))
 5 SYSTEMPATH\CodeIgniter.php(500): CodeIgniter\CodeIgniter->createController()
 6 SYSTEMPATH\CodeIgniter.php(355): CodeIgniter\CodeIgniter->handleRequest(null, Object(Config\Cache), false)
 7 SYSTEMPATH\Boot.php(312): CodeIgniter\CodeIgniter->run()
 8 SYSTEMPATH\Boot.php(67): CodeIgniter\Boot::runCodeIgniter(Object(CodeIgniter\CodeIgniter))
 9 FCPATH\index.php(55): CodeIgniter\Boot::bootWeb(Object(Config\Paths))
