CRITICAL - 2024-06-28 12:08:52 --> InvalidArgumentException: "test" is not a valid database connection group.
[Method: GET, Route: C/Bodmin]
in SYSTEMPATH\Database\Config.php on line 72.
 1 SYSTEMPATH\Database\Config.php(109): CodeIgniter\Database\Config::connect('test')
 2 APPPATH\Controllers\BaseController.php(56): CodeIgniter\Database\Config::forge('test')
 3 SYSTEMPATH\CodeIgniter.php(904): App\Controllers\BaseController->initController(Object(CodeIgniter\HTTP\IncomingRequest), Object(CodeIgniter\HTTP\Response), Object(CodeIgniter\Log\Logger))
 4 SYSTEMPATH\CodeIgniter.php(500): CodeIgniter\CodeIgniter->createController()
 5 SYSTEMPATH\CodeIgniter.php(355): CodeIgniter\CodeIgniter->handleRequest(null, Object(Config\Cache), false)
 6 SYSTEMPATH\Boot.php(312): CodeIgniter\CodeIgniter->run()
 7 SYSTEMPATH\Boot.php(67): CodeIgniter\Boot::runCodeIgniter(Object(CodeIgniter\CodeIgniter))
 8 FCPATH\index.php(55): CodeIgniter\Boot::bootWeb(Object(Config\Paths))
CRITICAL - 2024-06-28 12:14:51 --> Error: Object of class CodeIgniter\Database\MySQLi\Result could not be converted to string
[Method: GET, Route: C/Bodmin]
in APPPATH\Controllers\BaseController.php on line 72.
 1 SYSTEMPATH\CodeIgniter.php(904): App\Controllers\BaseController->initController(Object(CodeIgniter\HTTP\IncomingRequest), Object(CodeIgniter\HTTP\Response), Object(CodeIgniter\Log\Logger))
 2 SYSTEMPATH\CodeIgniter.php(500): CodeIgniter\CodeIgniter->createController()
 3 SYSTEMPATH\CodeIgniter.php(355): CodeIgniter\CodeIgniter->handleRequest(null, Object(Config\Cache), false)
 4 SYSTEMPATH\Boot.php(312): CodeIgniter\CodeIgniter->run()
 5 SYSTEMPATH\Boot.php(67): CodeIgniter\Boot::runCodeIgniter(Object(CodeIgniter\CodeIgniter))
 6 FCPATH\index.php(55): CodeIgniter\Boot::bootWeb(Object(Config\Paths))
ERROR - 2024-06-28 12:19:20 --> mysqli_sql_exception: You have an error in your SQL syntax; check the manual that corresponds to your MariaDB server version for the right syntax to use near 'FROM `user`' at line 2 in C:\xampp\htdocs\club-system\system\Database\MySQLi\Connection.php:308
Stack trace:
#0 C:\xampp\htdocs\club-system\system\Database\MySQLi\Connection.php(308): mysqli->query('SELECT (SELECT ...', 0)
#1 C:\xampp\htdocs\club-system\system\Database\BaseConnection.php(722): CodeIgniter\Database\MySQLi\Connection->execute('SELECT (SELECT ...')
#2 C:\xampp\htdocs\club-system\system\Database\BaseConnection.php(636): CodeIgniter\Database\BaseConnection->simpleQuery('SELECT (SELECT ...')
#3 C:\xampp\htdocs\club-system\system\Database\BaseBuilder.php(1629): CodeIgniter\Database\BaseConnection->query('SELECT (SELECT ...', Array, false)
#4 C:\xampp\htdocs\club-system\app\Controllers\BaseController.php(76): CodeIgniter\Database\BaseBuilder->get()
#5 C:\xampp\htdocs\club-system\system\CodeIgniter.php(904): App\Controllers\BaseController->initController(Object(CodeIgniter\HTTP\IncomingRequest), Object(CodeIgniter\HTTP\Response), Object(CodeIgniter\Log\Logger))
#6 C:\xampp\htdocs\club-system\system\CodeIgniter.php(500): CodeIgniter\CodeIgniter->createController()
#7 C:\xampp\htdocs\club-system\system\CodeIgniter.php(355): CodeIgniter\CodeIgniter->handleRequest(NULL, Object(Config\Cache), false)
#8 C:\xampp\htdocs\club-system\system\Boot.php(312): CodeIgniter\CodeIgniter->run()
#9 C:\xampp\htdocs\club-system\system\Boot.php(67): CodeIgniter\Boot::runCodeIgniter(Object(CodeIgniter\CodeIgniter))
#10 C:\xampp\htdocs\club-system\public\index.php(55): CodeIgniter\Boot::bootWeb(Object(Config\Paths))
#11 {main}
CRITICAL - 2024-06-28 12:19:20 --> CodeIgniter\Database\Exceptions\DatabaseException: You have an error in your SQL syntax; check the manual that corresponds to your MariaDB server version for the right syntax to use near 'FROM `user`' at line 2
[Method: GET, Route: C/Bodmin]
in SYSTEMPATH\Database\BaseConnection.php on line 676.
 1 SYSTEMPATH\Database\BaseBuilder.php(1629): CodeIgniter\Database\BaseConnection->query('SELECT (SELECT * FROM user LIMIT 2
FROM `user`', [], false)
 2 APPPATH\Controllers\BaseController.php(76): CodeIgniter\Database\BaseBuilder->get()
 3 SYSTEMPATH\CodeIgniter.php(904): App\Controllers\BaseController->initController(Object(CodeIgniter\HTTP\IncomingRequest), Object(CodeIgniter\HTTP\Response), Object(CodeIgniter\Log\Logger))
 4 SYSTEMPATH\CodeIgniter.php(500): CodeIgniter\CodeIgniter->createController()
 5 SYSTEMPATH\CodeIgniter.php(355): CodeIgniter\CodeIgniter->handleRequest(null, Object(Config\Cache), false)
 6 SYSTEMPATH\Boot.php(312): CodeIgniter\CodeIgniter->run()
 7 SYSTEMPATH\Boot.php(67): CodeIgniter\Boot::runCodeIgniter(Object(CodeIgniter\CodeIgniter))
 8 FCPATH\index.php(55): CodeIgniter\Boot::bootWeb(Object(Config\Paths))
CRITICAL - 2024-06-28 12:19:20 --> [Caused by] CodeIgniter\Database\Exceptions\DatabaseException: You have an error in your SQL syntax; check the manual that corresponds to your MariaDB server version for the right syntax to use near 'FROM `user`' at line 2
in SYSTEMPATH\Database\MySQLi\Connection.php on line 313.
 1 SYSTEMPATH\Database\BaseConnection.php(722): CodeIgniter\Database\MySQLi\Connection->execute('SELECT (SELECT * FROM user LIMIT 2
FROM `user`')
 2 SYSTEMPATH\Database\BaseConnection.php(636): CodeIgniter\Database\BaseConnection->simpleQuery('SELECT (SELECT * FROM user LIMIT 2
FROM `user`')
 3 SYSTEMPATH\Database\BaseBuilder.php(1629): CodeIgniter\Database\BaseConnection->query('SELECT (SELECT * FROM user LIMIT 2
FROM `user`', [], false)
 4 APPPATH\Controllers\BaseController.php(76): CodeIgniter\Database\BaseBuilder->get()
 5 SYSTEMPATH\CodeIgniter.php(904): App\Controllers\BaseController->initController(Object(CodeIgniter\HTTP\IncomingRequest), Object(CodeIgniter\HTTP\Response), Object(CodeIgniter\Log\Logger))
 6 SYSTEMPATH\CodeIgniter.php(500): CodeIgniter\CodeIgniter->createController()
 7 SYSTEMPATH\CodeIgniter.php(355): CodeIgniter\CodeIgniter->handleRequest(null, Object(Config\Cache), false)
 8 SYSTEMPATH\Boot.php(312): CodeIgniter\CodeIgniter->run()
 9 SYSTEMPATH\Boot.php(67): CodeIgniter\Boot::runCodeIgniter(Object(CodeIgniter\CodeIgniter))
10 FCPATH\index.php(55): CodeIgniter\Boot::bootWeb(Object(Config\Paths))
CRITICAL - 2024-06-28 12:19:20 --> [Caused by] mysqli_sql_exception: You have an error in your SQL syntax; check the manual that corresponds to your MariaDB server version for the right syntax to use near 'FROM `user`' at line 2
in SYSTEMPATH\Database\MySQLi\Connection.php on line 308.
 1 SYSTEMPATH\Database\MySQLi\Connection.php(308): mysqli->query('SELECT (SELECT * FROM user LIMIT 2
FROM `user`', 0)
 2 SYSTEMPATH\Database\BaseConnection.php(722): CodeIgniter\Database\MySQLi\Connection->execute('SELECT (SELECT * FROM user LIMIT 2
FROM `user`')
 3 SYSTEMPATH\Database\BaseConnection.php(636): CodeIgniter\Database\BaseConnection->simpleQuery('SELECT (SELECT * FROM user LIMIT 2
FROM `user`')
 4 SYSTEMPATH\Database\BaseBuilder.php(1629): CodeIgniter\Database\BaseConnection->query('SELECT (SELECT * FROM user LIMIT 2
FROM `user`', [], false)
 5 APPPATH\Controllers\BaseController.php(76): CodeIgniter\Database\BaseBuilder->get()
 6 SYSTEMPATH\CodeIgniter.php(904): App\Controllers\BaseController->initController(Object(CodeIgniter\HTTP\IncomingRequest), Object(CodeIgniter\HTTP\Response), Object(CodeIgniter\Log\Logger))
 7 SYSTEMPATH\CodeIgniter.php(500): CodeIgniter\CodeIgniter->createController()
 8 SYSTEMPATH\CodeIgniter.php(355): CodeIgniter\CodeIgniter->handleRequest(null, Object(Config\Cache), false)
 9 SYSTEMPATH\Boot.php(312): CodeIgniter\CodeIgniter->run()
10 SYSTEMPATH\Boot.php(67): CodeIgniter\Boot::runCodeIgniter(Object(CodeIgniter\CodeIgniter))
11 FCPATH\index.php(55): CodeIgniter\Boot::bootWeb(Object(Config\Paths))
ERROR - 2024-06-28 12:19:32 --> mysqli_sql_exception: You have an error in your SQL syntax; check the manual that corresponds to your MariaDB server version for the right syntax to use near '2
FROM `user`' at line 1 in C:\xampp\htdocs\club-system\system\Database\MySQLi\Connection.php:308
Stack trace:
#0 C:\xampp\htdocs\club-system\system\Database\MySQLi\Connection.php(308): mysqli->query('SELECT `SELECT ...', 0)
#1 C:\xampp\htdocs\club-system\system\Database\BaseConnection.php(722): CodeIgniter\Database\MySQLi\Connection->execute('SELECT `SELECT ...')
#2 C:\xampp\htdocs\club-system\system\Database\BaseConnection.php(636): CodeIgniter\Database\BaseConnection->simpleQuery('SELECT `SELECT ...')
#3 C:\xampp\htdocs\club-system\system\Database\BaseBuilder.php(1629): CodeIgniter\Database\BaseConnection->query('SELECT `SELECT ...', Array, false)
#4 C:\xampp\htdocs\club-system\app\Controllers\BaseController.php(76): CodeIgniter\Database\BaseBuilder->get()
#5 C:\xampp\htdocs\club-system\system\CodeIgniter.php(904): App\Controllers\BaseController->initController(Object(CodeIgniter\HTTP\IncomingRequest), Object(CodeIgniter\HTTP\Response), Object(CodeIgniter\Log\Logger))
#6 C:\xampp\htdocs\club-system\system\CodeIgniter.php(500): CodeIgniter\CodeIgniter->createController()
#7 C:\xampp\htdocs\club-system\system\CodeIgniter.php(355): CodeIgniter\CodeIgniter->handleRequest(NULL, Object(Config\Cache), false)
#8 C:\xampp\htdocs\club-system\system\Boot.php(312): CodeIgniter\CodeIgniter->run()
#9 C:\xampp\htdocs\club-system\system\Boot.php(67): CodeIgniter\Boot::runCodeIgniter(Object(CodeIgniter\CodeIgniter))
#10 C:\xampp\htdocs\club-system\public\index.php(55): CodeIgniter\Boot::bootWeb(Object(Config\Paths))
#11 {main}
CRITICAL - 2024-06-28 12:19:32 --> CodeIgniter\Database\Exceptions\DatabaseException: You have an error in your SQL syntax; check the manual that corresponds to your MariaDB server version for the right syntax to use near '2
FROM `user`' at line 1
[Method: GET, Route: C/Bodmin]
in SYSTEMPATH\Database\BaseConnection.php on line 676.
 1 SYSTEMPATH\Database\BaseBuilder.php(1629): CodeIgniter\Database\BaseConnection->query('SELECT `SELECT * FROM user LIMIT` 2
FROM `user`', [], false)
 2 APPPATH\Controllers\BaseController.php(76): CodeIgniter\Database\BaseBuilder->get()
 3 SYSTEMPATH\CodeIgniter.php(904): App\Controllers\BaseController->initController(Object(CodeIgniter\HTTP\IncomingRequest), Object(CodeIgniter\HTTP\Response), Object(CodeIgniter\Log\Logger))
 4 SYSTEMPATH\CodeIgniter.php(500): CodeIgniter\CodeIgniter->createController()
 5 SYSTEMPATH\CodeIgniter.php(355): CodeIgniter\CodeIgniter->handleRequest(null, Object(Config\Cache), false)
 6 SYSTEMPATH\Boot.php(312): CodeIgniter\CodeIgniter->run()
 7 SYSTEMPATH\Boot.php(67): CodeIgniter\Boot::runCodeIgniter(Object(CodeIgniter\CodeIgniter))
 8 FCPATH\index.php(55): CodeIgniter\Boot::bootWeb(Object(Config\Paths))
CRITICAL - 2024-06-28 12:19:32 --> [Caused by] CodeIgniter\Database\Exceptions\DatabaseException: You have an error in your SQL syntax; check the manual that corresponds to your MariaDB server version for the right syntax to use near '2
FROM `user`' at line 1
in SYSTEMPATH\Database\MySQLi\Connection.php on line 313.
 1 SYSTEMPATH\Database\BaseConnection.php(722): CodeIgniter\Database\MySQLi\Connection->execute('SELECT `SELECT * FROM user LIMIT` 2
FROM `user`')
 2 SYSTEMPATH\Database\BaseConnection.php(636): CodeIgniter\Database\BaseConnection->simpleQuery('SELECT `SELECT * FROM user LIMIT` 2
FROM `user`')
 3 SYSTEMPATH\Database\BaseBuilder.php(1629): CodeIgniter\Database\BaseConnection->query('SELECT `SELECT * FROM user LIMIT` 2
FROM `user`', [], false)
 4 APPPATH\Controllers\BaseController.php(76): CodeIgniter\Database\BaseBuilder->get()
 5 SYSTEMPATH\CodeIgniter.php(904): App\Controllers\BaseController->initController(Object(CodeIgniter\HTTP\IncomingRequest), Object(CodeIgniter\HTTP\Response), Object(CodeIgniter\Log\Logger))
 6 SYSTEMPATH\CodeIgniter.php(500): CodeIgniter\CodeIgniter->createController()
 7 SYSTEMPATH\CodeIgniter.php(355): CodeIgniter\CodeIgniter->handleRequest(null, Object(Config\Cache), false)
 8 SYSTEMPATH\Boot.php(312): CodeIgniter\CodeIgniter->run()
 9 SYSTEMPATH\Boot.php(67): CodeIgniter\Boot::runCodeIgniter(Object(CodeIgniter\CodeIgniter))
10 FCPATH\index.php(55): CodeIgniter\Boot::bootWeb(Object(Config\Paths))
CRITICAL - 2024-06-28 12:19:32 --> [Caused by] mysqli_sql_exception: You have an error in your SQL syntax; check the manual that corresponds to your MariaDB server version for the right syntax to use near '2
FROM `user`' at line 1
in SYSTEMPATH\Database\MySQLi\Connection.php on line 308.
 1 SYSTEMPATH\Database\MySQLi\Connection.php(308): mysqli->query('SELECT `SELECT * FROM user LIMIT` 2
FROM `user`', 0)
 2 SYSTEMPATH\Database\BaseConnection.php(722): CodeIgniter\Database\MySQLi\Connection->execute('SELECT `SELECT * FROM user LIMIT` 2
FROM `user`')
 3 SYSTEMPATH\Database\BaseConnection.php(636): CodeIgniter\Database\BaseConnection->simpleQuery('SELECT `SELECT * FROM user LIMIT` 2
FROM `user`')
 4 SYSTEMPATH\Database\BaseBuilder.php(1629): CodeIgniter\Database\BaseConnection->query('SELECT `SELECT * FROM user LIMIT` 2
FROM `user`', [], false)
 5 APPPATH\Controllers\BaseController.php(76): CodeIgniter\Database\BaseBuilder->get()
 6 SYSTEMPATH\CodeIgniter.php(904): App\Controllers\BaseController->initController(Object(CodeIgniter\HTTP\IncomingRequest), Object(CodeIgniter\HTTP\Response), Object(CodeIgniter\Log\Logger))
 7 SYSTEMPATH\CodeIgniter.php(500): CodeIgniter\CodeIgniter->createController()
 8 SYSTEMPATH\CodeIgniter.php(355): CodeIgniter\CodeIgniter->handleRequest(null, Object(Config\Cache), false)
 9 SYSTEMPATH\Boot.php(312): CodeIgniter\CodeIgniter->run()
10 SYSTEMPATH\Boot.php(67): CodeIgniter\Boot::runCodeIgniter(Object(CodeIgniter\CodeIgniter))
11 FCPATH\index.php(55): CodeIgniter\Boot::bootWeb(Object(Config\Paths))
CRITICAL - 2024-06-28 12:20:11 --> Error: Call to undefined method CodeIgniter\Database\MySQLi\Connection::select()
[Method: GET, Route: C/Bodmin]
in APPPATH\Controllers\BaseController.php on line 75.
 1 SYSTEMPATH\CodeIgniter.php(904): App\Controllers\BaseController->initController(Object(CodeIgniter\HTTP\IncomingRequest), Object(CodeIgniter\HTTP\Response), Object(CodeIgniter\Log\Logger))
 2 SYSTEMPATH\CodeIgniter.php(500): CodeIgniter\CodeIgniter->createController()
 3 SYSTEMPATH\CodeIgniter.php(355): CodeIgniter\CodeIgniter->handleRequest(null, Object(Config\Cache), false)
 4 SYSTEMPATH\Boot.php(312): CodeIgniter\CodeIgniter->run()
 5 SYSTEMPATH\Boot.php(67): CodeIgniter\Boot::runCodeIgniter(Object(CodeIgniter\CodeIgniter))
 6 FCPATH\index.php(55): CodeIgniter\Boot::bootWeb(Object(Config\Paths))
CRITICAL - 2024-06-28 12:27:37 --> Error: Call to undefined method CodeIgniter\Database\MySQLi\Result::execute()
[Method: GET, Route: C/Bodmin]
in APPPATH\Controllers\BaseController.php on line 90.
 1 SYSTEMPATH\CodeIgniter.php(904): App\Controllers\BaseController->initController(Object(CodeIgniter\HTTP\IncomingRequest), Object(CodeIgniter\HTTP\Response), Object(CodeIgniter\Log\Logger))
 2 SYSTEMPATH\CodeIgniter.php(500): CodeIgniter\CodeIgniter->createController()
 3 SYSTEMPATH\CodeIgniter.php(355): CodeIgniter\CodeIgniter->handleRequest(null, Object(Config\Cache), false)
 4 SYSTEMPATH\Boot.php(312): CodeIgniter\CodeIgniter->run()
 5 SYSTEMPATH\Boot.php(67): CodeIgniter\Boot::runCodeIgniter(Object(CodeIgniter\CodeIgniter))
 6 FCPATH\index.php(55): CodeIgniter\Boot::bootWeb(Object(Config\Paths))
CRITICAL - 2024-06-28 12:27:52 --> TypeError: CodeIgniter\Database\BaseConnection::prepare(): Argument #1 ($func) must be of type Closure, string given, called in C:\xampp\htdocs\club-system\app\Controllers\BaseController.php on line 88
[Method: GET, Route: C/Bodmin]
in SYSTEMPATH\Database\BaseConnection.php on line 950.
 1 APPPATH\Controllers\BaseController.php(88): CodeIgniter\Database\BaseConnection->prepare('SELECT * FROM secondary')
 2 SYSTEMPATH\CodeIgniter.php(904): App\Controllers\BaseController->initController(Object(CodeIgniter\HTTP\IncomingRequest), Object(CodeIgniter\HTTP\Response), Object(CodeIgniter\Log\Logger))
 3 SYSTEMPATH\CodeIgniter.php(500): CodeIgniter\CodeIgniter->createController()
 4 SYSTEMPATH\CodeIgniter.php(355): CodeIgniter\CodeIgniter->handleRequest(null, Object(Config\Cache), false)
 5 SYSTEMPATH\Boot.php(312): CodeIgniter\CodeIgniter->run()
 6 SYSTEMPATH\Boot.php(67): CodeIgniter\Boot::runCodeIgniter(Object(CodeIgniter\CodeIgniter))
 7 FCPATH\index.php(55): CodeIgniter\Boot::bootWeb(Object(Config\Paths))
CRITICAL - 2024-06-28 12:28:56 --> ErrorException: Undefined variable $query
[Method: GET, Route: C/Bodmin]
in APPPATH\Controllers\BaseController.php on line 90.
 1 APPPATH\Controllers\BaseController.php(90): CodeIgniter\Debug\Exceptions->errorHandler(2, 'Undefined variable $query', 'C:\\xampp\\htdocs\\club-system\\app\\Controllers\\BaseController.php', 90)
 2 SYSTEMPATH\CodeIgniter.php(904): App\Controllers\BaseController->initController(Object(CodeIgniter\HTTP\IncomingRequest), Object(CodeIgniter\HTTP\Response), Object(CodeIgniter\Log\Logger))
 3 SYSTEMPATH\CodeIgniter.php(500): CodeIgniter\CodeIgniter->createController()
 4 SYSTEMPATH\CodeIgniter.php(355): CodeIgniter\CodeIgniter->handleRequest(null, Object(Config\Cache), false)
 5 SYSTEMPATH\Boot.php(312): CodeIgniter\CodeIgniter->run()
 6 SYSTEMPATH\Boot.php(67): CodeIgniter\Boot::runCodeIgniter(Object(CodeIgniter\CodeIgniter))
 7 FCPATH\index.php(55): CodeIgniter\Boot::bootWeb(Object(Config\Paths))
CRITICAL - 2024-06-28 12:34:37 --> Error: Class "App\Controllers\Query" not found
[Method: GET, Route: C/Bodmin]
in APPPATH\Controllers\BaseController.php on line 66.
 1 SYSTEMPATH\Database\BaseConnection.php(958): App\Controllers\BaseController::App\Controllers\{closure}(Object(CodeIgniter\Database\MySQLi\Connection))
 2 APPPATH\Controllers\BaseController.php(63): CodeIgniter\Database\BaseConnection->prepare(Object(Closure), [...])
 3 SYSTEMPATH\CodeIgniter.php(904): App\Controllers\BaseController->initController(Object(CodeIgniter\HTTP\IncomingRequest), Object(CodeIgniter\HTTP\Response), Object(CodeIgniter\Log\Logger))
 4 SYSTEMPATH\CodeIgniter.php(500): CodeIgniter\CodeIgniter->createController()
 5 SYSTEMPATH\CodeIgniter.php(355): CodeIgniter\CodeIgniter->handleRequest(null, Object(Config\Cache), false)
 6 SYSTEMPATH\Boot.php(312): CodeIgniter\CodeIgniter->run()
 7 SYSTEMPATH\Boot.php(67): CodeIgniter\Boot::runCodeIgniter(Object(CodeIgniter\CodeIgniter))
 8 FCPATH\index.php(55): CodeIgniter\Boot::bootWeb(Object(Config\Paths))
