CRITICAL - 2024-07-04 12:21:16 --> ErrorException: Undefined variable $request
[Method: GET, Route: signup]
in APPPATH\Controllers\Home.php on line 48.
 1 APPPATH\Controllers\Home.php(48): CodeIgniter\Debug\Exceptions->errorHandler(2, 'Undefined variable $request', 'C:\\xampp\\htdocs\\club-system\\app\\Controllers\\Home.php', 48)
 2 SYSTEMPATH\CodeIgniter.php(933): App\Controllers\Home->signup()
 3 SYSTEMPATH\CodeIgniter.php(509): CodeIgniter\CodeIgniter->runController(Object(App\Controllers\Home))
 4 SYSTEMPATH\CodeIgniter.php(355): CodeIgniter\CodeIgniter->handleRequest(null, Object(Config\Cache), false)
 5 SYSTEMPATH\Boot.php(312): CodeIgniter\CodeIgniter->run()
 6 SYSTEMPATH\Boot.php(67): CodeIgniter\Boot::runCodeIgniter(Object(CodeIgniter\CodeIgniter))
 7 FCPATH\index.php(55): CodeIgniter\Boot::bootWeb(Object(Config\Paths))
CRITICAL - 2024-07-04 12:22:07 --> ArgumentCountError: Too few arguments to function App\Controllers\Home::signup(), 0 passed in C:\xampp\htdocs\club-system\system\CodeIgniter.php on line 933 and exactly 1 expected
[Method: GET, Route: signup]
in APPPATH\Controllers\Home.php on line 46.
 1 SYSTEMPATH\CodeIgniter.php(933): App\Controllers\Home->signup()
 2 SYSTEMPATH\CodeIgniter.php(509): CodeIgniter\CodeIgniter->runController(Object(App\Controllers\Home))
 3 SYSTEMPATH\CodeIgniter.php(355): CodeIgniter\CodeIgniter->handleRequest(null, Object(Config\Cache), false)
 4 SYSTEMPATH\Boot.php(312): CodeIgniter\CodeIgniter->run()
 5 SYSTEMPATH\Boot.php(67): CodeIgniter\Boot::runCodeIgniter(Object(CodeIgniter\CodeIgniter))
 6 FCPATH\index.php(55): CodeIgniter\Boot::bootWeb(Object(Config\Paths))
CRITICAL - 2024-07-04 12:26:11 --> ArgumentCountError: Too few arguments to function App\Controllers\Home::__construct(), 0 passed in C:\xampp\htdocs\club-system\system\CodeIgniter.php on line 903 and exactly 1 expected
[Method: GET, Route: signup]
in APPPATH\Controllers\Home.php on line 8.
 1 SYSTEMPATH\CodeIgniter.php(903): App\Controllers\Home->__construct()
 2 SYSTEMPATH\CodeIgniter.php(500): CodeIgniter\CodeIgniter->createController()
 3 SYSTEMPATH\CodeIgniter.php(355): CodeIgniter\CodeIgniter->handleRequest(null, Object(Config\Cache), false)
 4 SYSTEMPATH\Boot.php(312): CodeIgniter\CodeIgniter->run()
 5 SYSTEMPATH\Boot.php(67): CodeIgniter\Boot::runCodeIgniter(Object(CodeIgniter\CodeIgniter))
 6 FCPATH\index.php(55): CodeIgniter\Boot::bootWeb(Object(Config\Paths))
CRITICAL - 2024-07-04 12:26:16 --> ErrorException: Undefined variable $request
[Method: GET, Route: register]
in APPPATH\Controllers\Home.php on line 10.
 1 APPPATH\Controllers\Home.php(10): CodeIgniter\Debug\Exceptions->errorHandler(2, 'Undefined variable $request', 'C:\\xampp\\htdocs\\club-system\\app\\Controllers\\Home.php', 10)
 2 SYSTEMPATH\CodeIgniter.php(903): App\Controllers\Home->__construct()
 3 SYSTEMPATH\CodeIgniter.php(500): CodeIgniter\CodeIgniter->createController()
 4 SYSTEMPATH\CodeIgniter.php(355): CodeIgniter\CodeIgniter->handleRequest(null, Object(Config\Cache), false)
 5 SYSTEMPATH\Boot.php(312): CodeIgniter\CodeIgniter->run()
 6 SYSTEMPATH\Boot.php(67): CodeIgniter\Boot::runCodeIgniter(Object(CodeIgniter\CodeIgniter))
 7 FCPATH\index.php(55): CodeIgniter\Boot::bootWeb(Object(Config\Paths))
CRITICAL - 2024-07-04 12:27:02 --> ErrorException: Undefined property: App\Controllers\Home::$input
[Method: GET, Route: signup]
in APPPATH\Controllers\Home.php on line 47.
 1 APPPATH\Controllers\Home.php(47): CodeIgniter\Debug\Exceptions->errorHandler(2, 'Undefined property: App\\Controllers\\Home::$input', 'C:\\xampp\\htdocs\\club-system\\app\\Controllers\\Home.php', 47)
 2 SYSTEMPATH\CodeIgniter.php(933): App\Controllers\Home->signup()
 3 SYSTEMPATH\CodeIgniter.php(509): CodeIgniter\CodeIgniter->runController(Object(App\Controllers\Home))
 4 SYSTEMPATH\CodeIgniter.php(355): CodeIgniter\CodeIgniter->handleRequest(null, Object(Config\Cache), false)
 5 SYSTEMPATH\Boot.php(312): CodeIgniter\CodeIgniter->run()
 6 SYSTEMPATH\Boot.php(67): CodeIgniter\Boot::runCodeIgniter(Object(CodeIgniter\CodeIgniter))
 7 FCPATH\index.php(55): CodeIgniter\Boot::bootWeb(Object(Config\Paths))
CRITICAL - 2024-07-04 12:27:24 --> ErrorException: Undefined array key "firstname"
[Method: GET, Route: signup]
in APPPATH\Controllers\Home.php on line 47.
 1 APPPATH\Controllers\Home.php(47): CodeIgniter\Debug\Exceptions->errorHandler(2, 'Undefined array key "firstname"', 'C:\\xampp\\htdocs\\club-system\\app\\Controllers\\Home.php', 47)
 2 SYSTEMPATH\CodeIgniter.php(933): App\Controllers\Home->signup()
 3 SYSTEMPATH\CodeIgniter.php(509): CodeIgniter\CodeIgniter->runController(Object(App\Controllers\Home))
 4 SYSTEMPATH\CodeIgniter.php(355): CodeIgniter\CodeIgniter->handleRequest(null, Object(Config\Cache), false)
 5 SYSTEMPATH\Boot.php(312): CodeIgniter\CodeIgniter->run()
 6 SYSTEMPATH\Boot.php(67): CodeIgniter\Boot::runCodeIgniter(Object(CodeIgniter\CodeIgniter))
 7 FCPATH\index.php(55): CodeIgniter\Boot::bootWeb(Object(Config\Paths))
CRITICAL - 2024-07-04 12:50:10 --> ErrorException: Array to string conversion
[Method: GET, Route: signup]
in APPPATH\Controllers\Home.php on line 46.
 1 APPPATH\Controllers\Home.php(46): CodeIgniter\Debug\Exceptions->errorHandler(2, 'Array to string conversion', 'C:\\xampp\\htdocs\\club-system\\app\\Controllers\\Home.php', 46)
 2 SYSTEMPATH\CodeIgniter.php(933): App\Controllers\Home->signup()
 3 SYSTEMPATH\CodeIgniter.php(509): CodeIgniter\CodeIgniter->runController(Object(App\Controllers\Home))
 4 SYSTEMPATH\CodeIgniter.php(355): CodeIgniter\CodeIgniter->handleRequest(null, Object(Config\Cache), false)
 5 SYSTEMPATH\Boot.php(312): CodeIgniter\CodeIgniter->run()
 6 SYSTEMPATH\Boot.php(67): CodeIgniter\Boot::runCodeIgniter(Object(CodeIgniter\CodeIgniter))
 7 FCPATH\index.php(55): CodeIgniter\Boot::bootWeb(Object(Config\Paths))
CRITICAL - 2024-07-04 12:50:34 --> ErrorException: Array to string conversion
[Method: GET, Route: signup]
in APPPATH\Controllers\Home.php on line 46.
 1 APPPATH\Controllers\Home.php(46): CodeIgniter\Debug\Exceptions->errorHandler(2, 'Array to string conversion', 'C:\\xampp\\htdocs\\club-system\\app\\Controllers\\Home.php', 46)
 2 SYSTEMPATH\CodeIgniter.php(933): App\Controllers\Home->signup()
 3 SYSTEMPATH\CodeIgniter.php(509): CodeIgniter\CodeIgniter->runController(Object(App\Controllers\Home))
 4 SYSTEMPATH\CodeIgniter.php(355): CodeIgniter\CodeIgniter->handleRequest(null, Object(Config\Cache), false)
 5 SYSTEMPATH\Boot.php(312): CodeIgniter\CodeIgniter->run()
 6 SYSTEMPATH\Boot.php(67): CodeIgniter\Boot::runCodeIgniter(Object(CodeIgniter\CodeIgniter))
 7 FCPATH\index.php(55): CodeIgniter\Boot::bootWeb(Object(Config\Paths))
CRITICAL - 2024-07-04 12:51:53 --> ErrorException: Undefined array key "firstname"
[Method: GET, Route: signup]
in APPPATH\Controllers\Home.php on line 47.
 1 APPPATH\Controllers\Home.php(47): CodeIgniter\Debug\Exceptions->errorHandler(2, 'Undefined array key "firstname"', 'C:\\xampp\\htdocs\\club-system\\app\\Controllers\\Home.php', 47)
 2 SYSTEMPATH\CodeIgniter.php(933): App\Controllers\Home->signup()
 3 SYSTEMPATH\CodeIgniter.php(509): CodeIgniter\CodeIgniter->runController(Object(App\Controllers\Home))
 4 SYSTEMPATH\CodeIgniter.php(355): CodeIgniter\CodeIgniter->handleRequest(null, Object(Config\Cache), false)
 5 SYSTEMPATH\Boot.php(312): CodeIgniter\CodeIgniter->run()
 6 SYSTEMPATH\Boot.php(67): CodeIgniter\Boot::runCodeIgniter(Object(CodeIgniter\CodeIgniter))
 7 FCPATH\index.php(55): CodeIgniter\Boot::bootWeb(Object(Config\Paths))
